<!DOCTYPE html PUBLIC "-//W3C//DTD XHTML 1.1//EN" "https://www.w3.org/TR/xhtml11/DTD/xhtml11.dtd">
<html xmlns="https://www.w3.org/1999/xhtml">
<head>
<meta http-equiv="content-type" content="text/html; charset=UTF-8"/>
<title>TestNG Report</title>
<style type="text/css">table {margin-bottom:10px;border-collapse:collapse;empty-cells:show}th,td {border:1px solid #009;padding:.25em .5em}th {vertical-align:bottom}td {vertical-align:top}table a {font-weight:bold}.stripe td {background-color: #E6EBF9}.num {text-align:right}.passedodd td {background-color: #3F3}.passedeven td {background-color: #0A0}.skippedodd td {background-color: #DDD}.skippedeven td {background-color: #CCC}.failedodd td,.attn {background-color: #F33}.failedeven td,.stripe .attn {background-color: #D00}.stacktrace {white-space:pre;font-family:monospace}.totop {font-size:85%;text-align:center;border-bottom:2px solid #000}.invisible {display:none}</style>
</head>
<body>
<table>
<tr><th>Test</th><th># Passed</th><th># Skipped</th><th># Retried</th><th># Failed</th><th>Time (ms)</th><th>Included Groups</th><th>Excluded Groups</th></tr>
<tr><th colspan="8">99031_TestSuite</th></tr>
<tr><td><a href="#t0">TC01</a></td><td class="num">0</td><td class="num">0</td><td class="num">0</td><td class="num attn">1</td><td class="num">20,784</td><td></td><td></td></tr>
<tr class="stripe"><td><a href="#t1">TC02</a></td><td class="num">0</td><td class="num attn">1</td><td class="num">0</td><td class="num attn">1</td><td class="num">14,369</td><td></td><td></td></tr>
<tr><td><a href="#t2">TC03</a></td><td class="num">2</td><td class="num">0</td><td class="num">0</td><td class="num">0</td><td class="num">19,672</td><td></td><td></td></tr>
<tr><th>Total</th><th class="num">2</th><th class="num attn">1</th><th class="num">0</th><th class="num attn">2</th><th class="num">54,825</th><th colspan="2"></th></tr>
</table>
<table id='summary'><thead><tr><th>Class</th><th>Method</th><th>Start</th><th>Time (ms)</th></tr></thead><tbody><tr><th colspan="4">99031_TestSuite</th></tr></tbody><tbody id="t0"><tr><th colspan="4">TC01 &#8212; failed</th></tr><tr class="failedeven"><td rowspan="1">com.rahul.testcases.TestSuite_99031.TC01_UserRegistrationTest</td><td><a href="#m0">UserRegistrationTestMethod</a></td><td rowspan="1">1747462891176</td><td rowspan="1">9255</td></tr></tbody>
<tbody id="t1"><tr><th colspan="4">TC02 &#8212; failed</th></tr><tr class="failedeven"><td rowspan="1">com.rahul.testcases.TestSuite_99031.TC_02_LoginTest</td><td><a href="#m1">RegistrationTest_Method</a></td><td rowspan="1">1747462903704</td><td rowspan="1">9198</td></tr><tr><th colspan="4">TC02 &#8212; skipped</th></tr><tr class="skippedeven"><td rowspan="1">com.rahul.testcases.TestSuite_99031.TC_02_LoginTest</td><td><a href="#m2">loginTestMethod_CorrectUsridPassword</a></td><td rowspan="1">1747462916585</td><td rowspan="1">0</td></tr></tbody>
<tbody id="t2"><tr><th colspan="4">TC03 &#8212; passed</th></tr><tr class="passedeven"><td rowspan="2">com.rahul.testcases.TestSuite_99031.TC_03_LoginTest</td><td><a href="#m3">loginTestMethod_IncorrectUsridPassword</a></td><td rowspan="2">1747462917851</td><td rowspan="2">7228</td></tr><tr class="passedeven"><td><a href="#m4">loginTestMethod_IncorrectUsridPassword</a></td></tr></tbody>
</table>
<h2>TC01</h2><h3 id="m0">com.rahul.testcases.TestSuite_99031.TC01_UserRegistrationTest#UserRegistrationTestMethod</h3><table class="result"><tr class="param"><th>Parameter #1</th></tr><tr class="param stripe"><td>{Address=70 Washington Square South, New York, NY 10012, United States, City=Hazaribagh, day=10, Email=rahulpk234@gmail.com, FirstName=Rahul, Flag=Yes, LastName=Paswan, MobileNumber=7889564852, month=March, Password=Rahul1998@, Receive special offers from our partners!=yes, Sign up for our newsletter!=yes, State=New York, Title=Mr, UserName=Rahul1003, year=1998, ZipCode=825404}</td></tr><tr><th>Exception</th></tr><tr><td><div class="stacktrace">org.openqa.selenium.NoSuchElementException: no such element: Unable to locate element: {&quot;method&quot;:&quot;css selector&quot;,&quot;selector&quot;:&quot;input[type=&apos;radio&apos;][value=&apos;Mr&apos;]&quot;}
  (Session info: MicrosoftEdge=136.0.3240.64)
For documentation on this error, please visit: https://www.selenium.dev/documentation/webdriver/troubleshooting/errors#no-such-element-exception
Build info: version: &apos;4.29.0&apos;, revision: &apos;5fc1ec94cb&apos;
System info: os.name: &apos;Windows 10&apos;, os.arch: &apos;amd64&apos;, os.version: &apos;10.0&apos;, java.version: &apos;21.0.6&apos;
Driver info: org.openqa.selenium.edge.EdgeDriver
Command: [12919d3b5ec9511e58a2c73bd1ae626d, findElement {using=css selector, value=input[type=&apos;radio&apos;][value=&apos;Mr&apos;]}]
Capabilities {acceptInsecureCerts: false, browserName: MicrosoftEdge, browserVersion: 136.0.3240.64, fedcm:accounts: true, ms:edgeOptions: {debuggerAddress: localhost:56895}, msedge: {msedgedriverVersion: 136.0.3240.76 (77e9ec69748f..., userDataDir: C:\Windows\SystemTemp\scope...}, networkConnectionEnabled: false, pageLoadStrategy: normal, platformName: windows, proxy: Proxy(), se:cdp: ws://localhost:56895/devtoo..., se:cdpVersion: 136.0.3240.64, setWindowRect: true, strictFileInteractability: false, timeouts: {implicit: 0, pageLoad: 300000, script: 30000}, unhandledPromptBehavior: dismiss and notify, webauthn:extension:credBlob: true, webauthn:extension:largeBlob: true, webauthn:extension:minPinLength: true, webauthn:extension:prf: true, webauthn:virtualAuthenticators: true}
Session ID: 12919d3b5ec9511e58a2c73bd1ae626d
	at org.openqa.selenium.remote.ErrorCodec.decode(ErrorCodec.java:167)
	at org.openqa.selenium.remote.codec.w3c.W3CHttpResponseCodec.decode(W3CHttpResponseCodec.java:138)
	at org.openqa.selenium.remote.codec.w3c.W3CHttpResponseCodec.decode(W3CHttpResponseCodec.java:50)
	at org.openqa.selenium.remote.HttpCommandExecutor.execute(HttpCommandExecutor.java:215)
	at org.openqa.selenium.remote.service.DriverCommandExecutor.invokeExecute(DriverCommandExecutor.java:216)
	at org.openqa.selenium.remote.service.DriverCommandExecutor.execute(DriverCommandExecutor.java:174)
	at org.openqa.selenium.remote.RemoteWebDriver.execute(RemoteWebDriver.java:545)
	at org.openqa.selenium.remote.ElementLocation$ElementFinder$2.findElement(ElementLocation.java:165)
	at org.openqa.selenium.remote.ElementLocation.findElement(ElementLocation.java:59)
	at org.openqa.selenium.remote.RemoteWebDriver.findElement(RemoteWebDriver.java:368)
	at org.openqa.selenium.remote.RemoteWebDriver.findElement(RemoteWebDriver.java:362)
	at org.openqa.selenium.support.pagefactory.DefaultElementLocator.findElement(DefaultElementLocator.java:68)
	at org.openqa.selenium.support.pagefactory.internal.LocatingElementHandler.invoke(LocatingElementHandler.java:38)
	at jdk.proxy2/jdk.proxy2.$Proxy35.click(Unknown Source)
	at com.rahul.actiondriver.Action.click(Action.java:52)
	at com.rahul.pageobjects.TestSuite_99031.RegistrationPage.selectTitle(RegistrationPage.java:85)
	at com.rahul.testcases.TestSuite_99031.TC01_UserRegistrationTest.UserRegistrationTestMethod(TC01_UserRegistrationTest.java:66)
	at java.base/java.util.ArrayList.forEach(ArrayList.java:1596)
	at com.intellij.rt.testng.IDEARemoteTestNG.run(IDEARemoteTestNG.java:65)
	at com.intellij.rt.testng.RemoteTestNGStarter.main(RemoteTestNGStarter.java:105)
... Removed 25 stack frames</div></td></tr></table><p class="totop"><a href="#summary">back to summary</a></p>
<h2>TC02</h2><h3 id="m1">com.rahul.testcases.TestSuite_99031.TC_02_LoginTest#RegistrationTest_Method</h3><table class="result"><tr class="param"><th>Parameter #1</th></tr><tr class="param stripe"><td>{Address=70 Washington Square South, New York, NY 10012, United States, City=Hazaribagh, day=10, Email=rahulpk234@gmail.com, FirstName=Rahul, Flag=Yes, LastName=Paswan, MobileNumber=7889564852, month=March, Password=Rahul1998@, Receive special offers from our partners!=yes, Sign up for our newsletter!=yes, State=New York, Title=Mr, UserName=Rahul1003, year=1998, ZipCode=825404}</td></tr><tr><th>Exception</th></tr><tr><td><div class="stacktrace">org.openqa.selenium.NoSuchElementException: no such element: Unable to locate element: {&quot;method&quot;:&quot;css selector&quot;,&quot;selector&quot;:&quot;input[type=&apos;radio&apos;][value=&apos;Mr&apos;]&quot;}
  (Session info: MicrosoftEdge=136.0.3240.64)
For documentation on this error, please visit: https://www.selenium.dev/documentation/webdriver/troubleshooting/errors#no-such-element-exception
Build info: version: &apos;4.29.0&apos;, revision: &apos;5fc1ec94cb&apos;
System info: os.name: &apos;Windows 10&apos;, os.arch: &apos;amd64&apos;, os.version: &apos;10.0&apos;, java.version: &apos;21.0.6&apos;
Driver info: org.openqa.selenium.edge.EdgeDriver
Command: [2c0d3467cbefec2b2eddb06a1c3639ca, findElement {using=css selector, value=input[type=&apos;radio&apos;][value=&apos;Mr&apos;]}]
Capabilities {acceptInsecureCerts: false, browserName: MicrosoftEdge, browserVersion: 136.0.3240.64, fedcm:accounts: true, ms:edgeOptions: {debuggerAddress: localhost:56940}, msedge: {msedgedriverVersion: 136.0.3240.76 (77e9ec69748f..., userDataDir: C:\Windows\SystemTemp\scope...}, networkConnectionEnabled: false, pageLoadStrategy: normal, platformName: windows, proxy: Proxy(), se:cdp: ws://localhost:56940/devtoo..., se:cdpVersion: 136.0.3240.64, setWindowRect: true, strictFileInteractability: false, timeouts: {implicit: 0, pageLoad: 300000, script: 30000}, unhandledPromptBehavior: dismiss and notify, webauthn:extension:credBlob: true, webauthn:extension:largeBlob: true, webauthn:extension:minPinLength: true, webauthn:extension:prf: true, webauthn:virtualAuthenticators: true}
Session ID: 2c0d3467cbefec2b2eddb06a1c3639ca
	at org.openqa.selenium.remote.ErrorCodec.decode(ErrorCodec.java:167)
	at org.openqa.selenium.remote.codec.w3c.W3CHttpResponseCodec.decode(W3CHttpResponseCodec.java:138)
	at org.openqa.selenium.remote.codec.w3c.W3CHttpResponseCodec.decode(W3CHttpResponseCodec.java:50)
	at org.openqa.selenium.remote.HttpCommandExecutor.execute(HttpCommandExecutor.java:215)
	at org.openqa.selenium.remote.service.DriverCommandExecutor.invokeExecute(DriverCommandExecutor.java:216)
	at org.openqa.selenium.remote.service.DriverCommandExecutor.execute(DriverCommandExecutor.java:174)
	at org.openqa.selenium.remote.RemoteWebDriver.execute(RemoteWebDriver.java:545)
	at org.openqa.selenium.remote.ElementLocation$ElementFinder$2.findElement(ElementLocation.java:165)
	at org.openqa.selenium.remote.ElementLocation.findElement(ElementLocation.java:59)
	at org.openqa.selenium.remote.RemoteWebDriver.findElement(RemoteWebDriver.java:368)
	at org.openqa.selenium.remote.RemoteWebDriver.findElement(RemoteWebDriver.java:362)
	at org.openqa.selenium.support.pagefactory.DefaultElementLocator.findElement(DefaultElementLocator.java:68)
	at org.openqa.selenium.support.pagefactory.internal.LocatingElementHandler.invoke(LocatingElementHandler.java:38)
	at jdk.proxy2/jdk.proxy2.$Proxy35.click(Unknown Source)
	at com.rahul.actiondriver.Action.click(Action.java:52)
	at com.rahul.pageobjects.TestSuite_99031.RegistrationPage.selectTitle(RegistrationPage.java:85)
	at com.rahul.testcases.TestSuite_99031.TC_02_LoginTest.RegistrationTest_Method(TC_02_LoginTest.java:68)
	at java.base/java.util.ArrayList.forEach(ArrayList.java:1596)
	at com.intellij.rt.testng.IDEARemoteTestNG.run(IDEARemoteTestNG.java:65)
	at com.intellij.rt.testng.RemoteTestNGStarter.main(RemoteTestNGStarter.java:105)
... Removed 25 stack frames</div></td></tr></table><p class="totop"><a href="#summary">back to summary</a></p>
<h3 id="m2">com.rahul.testcases.TestSuite_99031.TC_02_LoginTest#loginTestMethod_CorrectUsridPassword</h3><table class="result"><tr><th>Exception</th></tr><tr><td><div class="stacktrace">java.lang.Throwable: Method com.rahul.testcases.TestSuite_99031.TC_02_LoginTest.loginTestMethod_CorrectUsridPassword() on instance com.rahul.testcases.TestSuite_99031.TC_02_LoginTest@74235045 depends on not successfully finished methods 
[com.rahul.testcases.TestSuite_99031.TC_02_LoginTest.RegistrationTest_Method() on instance com.rahul.testcases.TestSuite_99031.TC_02_LoginTest@74235045]
	at java.base/java.util.ArrayList.forEach(ArrayList.java:1596)
	at com.intellij.rt.testng.IDEARemoteTestNG.run(IDEARemoteTestNG.java:65)
	at com.intellij.rt.testng.RemoteTestNGStarter.main(RemoteTestNGStarter.java:105)
... Removed 15 stack frames</div></td></tr></table><p class="totop"><a href="#summary">back to summary</a></p>
<h2>TC03</h2><h3 id="m3">com.rahul.testcases.TestSuite_99031.TC_03_LoginTest#loginTestMethod_IncorrectUsridPassword</h3><table class="result"><tr class="param"><th>Parameter #1</th></tr><tr class="param stripe"><td>{Email=rahulpk234@gmail.com, Flag=Incorrect, Password=Rahul1998!, UserName=Rahul1003}</td></tr></table><p class="totop"><a href="#summary">back to summary</a></p>
<h3 id="m4">com.rahul.testcases.TestSuite_99031.TC_03_LoginTest#loginTestMethod_IncorrectUsridPassword</h3><table class="result"><tr class="param"><th>Parameter #1</th></tr><tr class="param stripe"><td>{Email=rahulpk235@gmail.com, Flag=Incorrect, Password=Rahul1998@, UserName=Rahul1003}</td></tr></table><p class="totop"><a href="#summary">back to summary</a></p>
</body>
</html>
