<!DOCTYPE html>

<html>
  <head>
  <meta charset='utf-8'>
  <title>TestNG reports</title>

    <link type="text/css" href="testng-reports1.css" rel="stylesheet" id="ultra" />
    <link type="text/css" href="testng-reports.css" rel="stylesheet" id="retro" disabled="false"/>
    <script type="text/javascript" src="jquery-3.6.0.min.js"></script>
    <script type="text/javascript" src="testng-reports.js"></script>
    <script type="text/javascript" src="https://www.google.com/jsapi"></script>
    <script type='text/javascript'>
      google.load('visualization', '1', {packages:['table']});
      google.setOnLoadCallback(drawTable);
      var suiteTableInitFunctions = new Array();
      var suiteTableData = new Array();
    </script>
    <!--
      <script type="text/javascript" src="jquery-ui/js/jquery-ui-1.8.16.custom.min.js"></script>
     -->
  </head>

  <body>    <div class="top-banner-root">
      <span class="top-banner-title-font">Test results</span>
      <button id="button" class="button">Switch Retro Theme</button> <!-- button -->
      <br/>
      <span class="top-banner-font-1">1 suite, 2 failed tests</span>
    </div> <!-- top-banner-root -->
    <div class="navigator-root">
      <div class="navigator-suite-header">
        <span>All suites</span>
        <a href="#" title="Collapse/expand all the suites" class="collapse-all-link">
          <img src="collapseall.gif" class="collapse-all-icon">
          </img> <!-- collapse-all-icon -->
        </a> <!-- collapse-all-link -->
      </div> <!-- navigator-suite-header -->
      <div class="suite">
        <div class="rounded-window">
          <div class="suite-header light-rounded-window-top">
            <a href="#" panel-name="suite-99031_TestSuite" class="navigator-link">
              <span class="suite-name border-failed">99031_TestSuite</span>
            </a> <!-- navigator-link -->
          </div> <!-- suite-header light-rounded-window-top -->
          <div class="navigator-suite-content">
            <div class="suite-section-title">
              <span>Info</span>
            </div> <!-- suite-section-title -->
            <div class="suite-section-content">
              <ul>
                <li>
                  <a href="#" panel-name="test-xml-99031_TestSuite" class="navigator-link ">
                    <span>D:\Selenium_Automation_Framework\Test_Suites\99031_TestSuite.xml</span>
                  </a> <!-- navigator-link  -->
                </li>
                <li>
                  <a href="#" panel-name="testlist-99031_TestSuite" class="navigator-link ">
                    <span class="test-stats">3 tests</span>
                  </a> <!-- navigator-link  -->
                </li>
                <li>
                  <a href="#" panel-name="group-99031_TestSuite" class="navigator-link ">
                    <span>0 groups</span>
                  </a> <!-- navigator-link  -->
                </li>
                <li>
                  <a href="#" panel-name="times-99031_TestSuite" class="navigator-link ">
                    <span>Times</span>
                  </a> <!-- navigator-link  -->
                </li>
                <li>
                  <a href="#" panel-name="reporter-99031_TestSuite" class="navigator-link ">
                    <span>Reporter output</span>
                  </a> <!-- navigator-link  -->
                </li>
                <li>
                  <a href="#" panel-name="ignored-methods-99031_TestSuite" class="navigator-link ">
                    <span>Ignored methods</span>
                  </a> <!-- navigator-link  -->
                </li>
                <li>
                  <a href="#" panel-name="chronological-99031_TestSuite" class="navigator-link ">
                    <span>Chronological view</span>
                  </a> <!-- navigator-link  -->
                </li>
              </ul>
            </div> <!-- suite-section-content -->
            <div class="result-section">
              <div class="suite-section-title">
                <span>Results</span>
              </div> <!-- suite-section-title -->
              <div class="suite-section-content">
                <ul>
                  <li>
                    <span class="method-stats">5 methods, 2 failed,  1 skipped,  2 passed</span>
                  </li>
                  <li>
                    <span class="method-list-title failed">Failed methods</span>
                    <span class="show-or-hide-methods failed">
                      <a href="#" panel-name="suite-99031_TestSuite" class="hide-methods failed suite-99031_TestSuite"> (hide)</a> <!-- hide-methods failed suite-99031_TestSuite -->
                      <a href="#" panel-name="suite-99031_TestSuite" class="show-methods failed suite-99031_TestSuite"> (show)</a> <!-- show-methods failed suite-99031_TestSuite -->
                    </span>
                    <div class="method-list-content failed suite-99031_TestSuite">
                      <span>
                        <img src="failed.png" width="3%"/>
                        <a href="#" panel-name="suite-99031_TestSuite" title="com.rahul.testcases.TestSuite_99031.TC_02_LoginTest" class="method navigator-link" hash-for-method="RegistrationTest_Method({Address=70 Washington Square South, New York, NY 10012, United States, City=Hazaribagh, day=10, Ema...)">RegistrationTest_Method({Address=70 Washington Square South, New York, NY 10012, United States, City=Hazaribagh, day=10, Ema...)</a> <!-- method navigator-link -->
                      </span>
                      <br/>
                      <span>
                        <img src="failed.png" width="3%"/>
                        <a href="#" panel-name="suite-99031_TestSuite" title="com.rahul.testcases.TestSuite_99031.TC01_UserRegistrationTest" class="method navigator-link" hash-for-method="UserRegistrationTestMethod({Address=70 Washington Square South, New York, NY 10012, United States, City=Hazaribagh, day=10, Ema...)">UserRegistrationTestMethod({Address=70 Washington Square South, New York, NY 10012, United States, City=Hazaribagh, day=10, Ema...)</a> <!-- method navigator-link -->
                      </span>
                      <br/>
                    </div> <!-- method-list-content failed suite-99031_TestSuite -->
                  </li>
                  <li>
                    <span class="method-list-title skipped">Skipped methods</span>
                    <span class="show-or-hide-methods skipped">
                      <a href="#" panel-name="suite-99031_TestSuite" class="hide-methods skipped suite-99031_TestSuite"> (hide)</a> <!-- hide-methods skipped suite-99031_TestSuite -->
                      <a href="#" panel-name="suite-99031_TestSuite" class="show-methods skipped suite-99031_TestSuite"> (show)</a> <!-- show-methods skipped suite-99031_TestSuite -->
                    </span>
                    <div class="method-list-content skipped suite-99031_TestSuite">
                      <span>
                        <img src="skipped.png" width="3%"/>
                        <a href="#" panel-name="suite-99031_TestSuite" title="com.rahul.testcases.TestSuite_99031.TC_02_LoginTest" class="method navigator-link" hash-for-method="loginTestMethod_CorrectUsridPassword">loginTestMethod_CorrectUsridPassword</a> <!-- method navigator-link -->
                      </span>
                      <br/>
                    </div> <!-- method-list-content skipped suite-99031_TestSuite -->
                  </li>
                  <li>
                    <span class="method-list-title passed">Passed methods</span>
                    <span class="show-or-hide-methods passed">
                      <a href="#" panel-name="suite-99031_TestSuite" class="hide-methods passed suite-99031_TestSuite"> (hide)</a> <!-- hide-methods passed suite-99031_TestSuite -->
                      <a href="#" panel-name="suite-99031_TestSuite" class="show-methods passed suite-99031_TestSuite"> (show)</a> <!-- show-methods passed suite-99031_TestSuite -->
                    </span>
                    <div class="method-list-content passed suite-99031_TestSuite">
                      <span>
                        <img src="passed.png" width="3%"/>
                        <a href="#" panel-name="suite-99031_TestSuite" title="com.rahul.testcases.TestSuite_99031.TC_03_LoginTest" class="method navigator-link" hash-for-method="loginTestMethod_IncorrectUsridPassword({Email=rahulpk234@gmail.com, Flag=Incorrect, Password=Rahul1998!, UserName=Rahul1003})">loginTestMethod_IncorrectUsridPassword({Email=rahulpk234@gmail.com, Flag=Incorrect, Password=Rahul1998!, UserName=Rahul1003})</a> <!-- method navigator-link -->
                      </span>
                      <br/>
                      <span>
                        <img src="passed.png" width="3%"/>
                        <a href="#" panel-name="suite-99031_TestSuite" title="com.rahul.testcases.TestSuite_99031.TC_03_LoginTest" class="method navigator-link" hash-for-method="loginTestMethod_IncorrectUsridPassword({Email=rahulpk235@gmail.com, Flag=Incorrect, Password=Rahul1998@, UserName=Rahul1003})">loginTestMethod_IncorrectUsridPassword({Email=rahulpk235@gmail.com, Flag=Incorrect, Password=Rahul1998@, UserName=Rahul1003})</a> <!-- method navigator-link -->
                      </span>
                      <br/>
                    </div> <!-- method-list-content passed suite-99031_TestSuite -->
                  </li>
                </ul>
              </div> <!-- suite-section-content -->
            </div> <!-- result-section -->
          </div> <!-- navigator-suite-content -->
        </div> <!-- rounded-window -->
      </div> <!-- suite -->
    </div> <!-- navigator-root -->
    <div class="wrapper">
      <div class="main-panel-root">
        <div panel-name="suite-99031_TestSuite" class="panel 99031_TestSuite">
          <div class="suite-99031_TestSuite-class-failed">
            <div class="main-panel-header rounded-window-top">
              <img src="failed.png"/>
              <span class="class-name">com.rahul.testcases.TestSuite_99031.TC01_UserRegistrationTest</span>
            </div> <!-- main-panel-header rounded-window-top -->
            <div class="main-panel-content rounded-window-bottom">
              <div class="method">
                <div class="method-content">
                  <a name="UserRegistrationTestMethod({Address=70 Washington Square South, New York, NY 10012, United States, City=Hazaribagh, day=10, Ema...)">
                  </a> <!-- UserRegistrationTestMethod({Address=70 Washington Square South, New York, NY 10012, United States, City=Hazaribagh, day=10, Ema...) -->
                  <span class="method-name">UserRegistrationTestMethod</span>
                  <span class="parameters">({Address=70 Washington Square South, New York, NY 10012, United States, City=Hazaribagh, day=10, Email=rahulpk234@gmail.com, FirstName=Rahul, Flag=Yes, LastName=Paswan, MobileNumber=7889564852, month=March, Password=Rahul1998@, Receive special offers from our partners!=yes, Sign up for our newsletter!=yes, State=New York, Title=Mr, UserName=Rahul1003, year=1998, ZipCode=825404})</span>
                  <div class="stack-trace">org.openqa.selenium.NoSuchElementException: no such element: Unable to locate element: {&quot;method&quot;:&quot;css selector&quot;,&quot;selector&quot;:&quot;input[type=&apos;radio&apos;][value=&apos;Mr&apos;]&quot;}
  (Session info: MicrosoftEdge=136.0.3240.64)
For documentation on this error, please visit: https://www.selenium.dev/documentation/webdriver/troubleshooting/errors#no-such-element-exception
Build info: version: &apos;4.29.0&apos;, revision: &apos;5fc1ec94cb&apos;
System info: os.name: &apos;Windows 10&apos;, os.arch: &apos;amd64&apos;, os.version: &apos;10.0&apos;, java.version: &apos;21.0.6&apos;
Driver info: org.openqa.selenium.edge.EdgeDriver
Command: [12919d3b5ec9511e58a2c73bd1ae626d, findElement {using=css selector, value=input[type=&apos;radio&apos;][value=&apos;Mr&apos;]}]
Capabilities {acceptInsecureCerts: false, browserName: MicrosoftEdge, browserVersion: 136.0.3240.64, fedcm:accounts: true, ms:edgeOptions: {debuggerAddress: localhost:56895}, msedge: {msedgedriverVersion: 136.0.3240.76 (77e9ec69748f..., userDataDir: C:\Windows\SystemTemp\scope...}, networkConnectionEnabled: false, pageLoadStrategy: normal, platformName: windows, proxy: Proxy(), se:cdp: ws://localhost:56895/devtoo..., se:cdpVersion: 136.0.3240.64, setWindowRect: true, strictFileInteractability: false, timeouts: {implicit: 0, pageLoad: 300000, script: 30000}, unhandledPromptBehavior: dismiss and notify, webauthn:extension:credBlob: true, webauthn:extension:largeBlob: true, webauthn:extension:minPinLength: true, webauthn:extension:prf: true, webauthn:virtualAuthenticators: true}
Session ID: 12919d3b5ec9511e58a2c73bd1ae626d
	at org.openqa.selenium.remote.ErrorCodec.decode(ErrorCodec.java:167)
	at org.openqa.selenium.remote.codec.w3c.W3CHttpResponseCodec.decode(W3CHttpResponseCodec.java:138)
	at org.openqa.selenium.remote.codec.w3c.W3CHttpResponseCodec.decode(W3CHttpResponseCodec.java:50)
	at org.openqa.selenium.remote.HttpCommandExecutor.execute(HttpCommandExecutor.java:215)
	at org.openqa.selenium.remote.service.DriverCommandExecutor.invokeExecute(DriverCommandExecutor.java:216)
	at org.openqa.selenium.remote.service.DriverCommandExecutor.execute(DriverCommandExecutor.java:174)
	at org.openqa.selenium.remote.RemoteWebDriver.execute(RemoteWebDriver.java:545)
	at org.openqa.selenium.remote.ElementLocation$ElementFinder$2.findElement(ElementLocation.java:165)
	at org.openqa.selenium.remote.ElementLocation.findElement(ElementLocation.java:59)
	at org.openqa.selenium.remote.RemoteWebDriver.findElement(RemoteWebDriver.java:368)
	at org.openqa.selenium.remote.RemoteWebDriver.findElement(RemoteWebDriver.java:362)
	at org.openqa.selenium.support.pagefactory.DefaultElementLocator.findElement(DefaultElementLocator.java:68)
	at org.openqa.selenium.support.pagefactory.internal.LocatingElementHandler.invoke(LocatingElementHandler.java:38)
	at jdk.proxy2/jdk.proxy2.$Proxy35.click(Unknown Source)
	at com.rahul.actiondriver.Action.click(Action.java:52)
	at com.rahul.pageobjects.TestSuite_99031.RegistrationPage.selectTitle(RegistrationPage.java:85)
	at com.rahul.testcases.TestSuite_99031.TC01_UserRegistrationTest.UserRegistrationTestMethod(TC01_UserRegistrationTest.java:66)
	at java.base/java.util.ArrayList.forEach(ArrayList.java:1596)
	at com.intellij.rt.testng.IDEARemoteTestNG.run(IDEARemoteTestNG.java:65)
	at com.intellij.rt.testng.RemoteTestNGStarter.main(RemoteTestNGStarter.java:105)
... Removed 25 stack frames
</div> <!-- stack-trace -->
                </div> <!-- method-content -->
              </div> <!-- method -->
            </div> <!-- main-panel-content rounded-window-bottom -->
          </div> <!-- suite-99031_TestSuite-class-failed -->
          <div class="suite-99031_TestSuite-class-failed">
            <div class="main-panel-header rounded-window-top">
              <img src="failed.png"/>
              <span class="class-name">com.rahul.testcases.TestSuite_99031.TC_02_LoginTest</span>
            </div> <!-- main-panel-header rounded-window-top -->
            <div class="main-panel-content rounded-window-bottom">
              <div class="method">
                <div class="method-content">
                  <a name="RegistrationTest_Method({Address=70 Washington Square South, New York, NY 10012, United States, City=Hazaribagh, day=10, Ema...)">
                  </a> <!-- RegistrationTest_Method({Address=70 Washington Square South, New York, NY 10012, United States, City=Hazaribagh, day=10, Ema...) -->
                  <span class="method-name">RegistrationTest_Method</span>
                  <span class="parameters">({Address=70 Washington Square South, New York, NY 10012, United States, City=Hazaribagh, day=10, Email=rahulpk234@gmail.com, FirstName=Rahul, Flag=Yes, LastName=Paswan, MobileNumber=7889564852, month=March, Password=Rahul1998@, Receive special offers from our partners!=yes, Sign up for our newsletter!=yes, State=New York, Title=Mr, UserName=Rahul1003, year=1998, ZipCode=825404})</span>
                  <div class="stack-trace">org.openqa.selenium.NoSuchElementException: no such element: Unable to locate element: {&quot;method&quot;:&quot;css selector&quot;,&quot;selector&quot;:&quot;input[type=&apos;radio&apos;][value=&apos;Mr&apos;]&quot;}
  (Session info: MicrosoftEdge=136.0.3240.64)
For documentation on this error, please visit: https://www.selenium.dev/documentation/webdriver/troubleshooting/errors#no-such-element-exception
Build info: version: &apos;4.29.0&apos;, revision: &apos;5fc1ec94cb&apos;
System info: os.name: &apos;Windows 10&apos;, os.arch: &apos;amd64&apos;, os.version: &apos;10.0&apos;, java.version: &apos;21.0.6&apos;
Driver info: org.openqa.selenium.edge.EdgeDriver
Command: [2c0d3467cbefec2b2eddb06a1c3639ca, findElement {using=css selector, value=input[type=&apos;radio&apos;][value=&apos;Mr&apos;]}]
Capabilities {acceptInsecureCerts: false, browserName: MicrosoftEdge, browserVersion: 136.0.3240.64, fedcm:accounts: true, ms:edgeOptions: {debuggerAddress: localhost:56940}, msedge: {msedgedriverVersion: 136.0.3240.76 (77e9ec69748f..., userDataDir: C:\Windows\SystemTemp\scope...}, networkConnectionEnabled: false, pageLoadStrategy: normal, platformName: windows, proxy: Proxy(), se:cdp: ws://localhost:56940/devtoo..., se:cdpVersion: 136.0.3240.64, setWindowRect: true, strictFileInteractability: false, timeouts: {implicit: 0, pageLoad: 300000, script: 30000}, unhandledPromptBehavior: dismiss and notify, webauthn:extension:credBlob: true, webauthn:extension:largeBlob: true, webauthn:extension:minPinLength: true, webauthn:extension:prf: true, webauthn:virtualAuthenticators: true}
Session ID: 2c0d3467cbefec2b2eddb06a1c3639ca
	at org.openqa.selenium.remote.ErrorCodec.decode(ErrorCodec.java:167)
	at org.openqa.selenium.remote.codec.w3c.W3CHttpResponseCodec.decode(W3CHttpResponseCodec.java:138)
	at org.openqa.selenium.remote.codec.w3c.W3CHttpResponseCodec.decode(W3CHttpResponseCodec.java:50)
	at org.openqa.selenium.remote.HttpCommandExecutor.execute(HttpCommandExecutor.java:215)
	at org.openqa.selenium.remote.service.DriverCommandExecutor.invokeExecute(DriverCommandExecutor.java:216)
	at org.openqa.selenium.remote.service.DriverCommandExecutor.execute(DriverCommandExecutor.java:174)
	at org.openqa.selenium.remote.RemoteWebDriver.execute(RemoteWebDriver.java:545)
	at org.openqa.selenium.remote.ElementLocation$ElementFinder$2.findElement(ElementLocation.java:165)
	at org.openqa.selenium.remote.ElementLocation.findElement(ElementLocation.java:59)
	at org.openqa.selenium.remote.RemoteWebDriver.findElement(RemoteWebDriver.java:368)
	at org.openqa.selenium.remote.RemoteWebDriver.findElement(RemoteWebDriver.java:362)
	at org.openqa.selenium.support.pagefactory.DefaultElementLocator.findElement(DefaultElementLocator.java:68)
	at org.openqa.selenium.support.pagefactory.internal.LocatingElementHandler.invoke(LocatingElementHandler.java:38)
	at jdk.proxy2/jdk.proxy2.$Proxy35.click(Unknown Source)
	at com.rahul.actiondriver.Action.click(Action.java:52)
	at com.rahul.pageobjects.TestSuite_99031.RegistrationPage.selectTitle(RegistrationPage.java:85)
	at com.rahul.testcases.TestSuite_99031.TC_02_LoginTest.RegistrationTest_Method(TC_02_LoginTest.java:68)
	at java.base/java.util.ArrayList.forEach(ArrayList.java:1596)
	at com.intellij.rt.testng.IDEARemoteTestNG.run(IDEARemoteTestNG.java:65)
	at com.intellij.rt.testng.RemoteTestNGStarter.main(RemoteTestNGStarter.java:105)
... Removed 25 stack frames
</div> <!-- stack-trace -->
                </div> <!-- method-content -->
              </div> <!-- method -->
            </div> <!-- main-panel-content rounded-window-bottom -->
          </div> <!-- suite-99031_TestSuite-class-failed -->
          <div class="suite-99031_TestSuite-class-skipped">
            <div class="main-panel-header rounded-window-top">
              <img src="skipped.png"/>
              <span class="class-name">com.rahul.testcases.TestSuite_99031.TC_02_LoginTest</span>
            </div> <!-- main-panel-header rounded-window-top -->
            <div class="main-panel-content rounded-window-bottom">
              <div class="method">
                <div class="method-content">
                  <a name="loginTestMethod_CorrectUsridPassword">
                  </a> <!-- loginTestMethod_CorrectUsridPassword -->
                  <span class="method-name">loginTestMethod_CorrectUsridPassword</span>
                  <div class="stack-trace">java.lang.Throwable: Method com.rahul.testcases.TestSuite_99031.TC_02_LoginTest.loginTestMethod_CorrectUsridPassword() on instance com.rahul.testcases.TestSuite_99031.TC_02_LoginTest@74235045 depends on not successfully finished methods 
[com.rahul.testcases.TestSuite_99031.TC_02_LoginTest.RegistrationTest_Method() on instance com.rahul.testcases.TestSuite_99031.TC_02_LoginTest@74235045]
	at java.base/java.util.ArrayList.forEach(ArrayList.java:1596)
	at com.intellij.rt.testng.IDEARemoteTestNG.run(IDEARemoteTestNG.java:65)
	at com.intellij.rt.testng.RemoteTestNGStarter.main(RemoteTestNGStarter.java:105)
... Removed 15 stack frames
</div> <!-- stack-trace -->
                </div> <!-- method-content -->
              </div> <!-- method -->
            </div> <!-- main-panel-content rounded-window-bottom -->
          </div> <!-- suite-99031_TestSuite-class-skipped -->
          <div class="suite-99031_TestSuite-class-passed">
            <div class="main-panel-header rounded-window-top">
              <img src="passed.png"/>
              <span class="class-name">com.rahul.testcases.TestSuite_99031.TC_03_LoginTest</span>
            </div> <!-- main-panel-header rounded-window-top -->
            <div class="main-panel-content rounded-window-bottom">
              <div class="method">
                <div class="method-content">
                  <a name="loginTestMethod_IncorrectUsridPassword({Email=rahulpk234@gmail.com, Flag=Incorrect, Password=Rahul1998!, UserName=Rahul1003})">
                  </a> <!-- loginTestMethod_IncorrectUsridPassword({Email=rahulpk234@gmail.com, Flag=Incorrect, Password=Rahul1998!, UserName=Rahul1003}) -->
                  <span class="method-name">loginTestMethod_IncorrectUsridPassword</span>
                  <span class="parameters">({Email=rahulpk234@gmail.com, Flag=Incorrect, Password=Rahul1998!, UserName=Rahul1003})</span>
                </div> <!-- method-content -->
              </div> <!-- method -->
              <div class="method">
                <div class="method-content">
                  <a name="loginTestMethod_IncorrectUsridPassword({Email=rahulpk235@gmail.com, Flag=Incorrect, Password=Rahul1998@, UserName=Rahul1003})">
                  </a> <!-- loginTestMethod_IncorrectUsridPassword({Email=rahulpk235@gmail.com, Flag=Incorrect, Password=Rahul1998@, UserName=Rahul1003}) -->
                  <span class="method-name">loginTestMethod_IncorrectUsridPassword</span>
                  <span class="parameters">({Email=rahulpk235@gmail.com, Flag=Incorrect, Password=Rahul1998@, UserName=Rahul1003})</span>
                </div> <!-- method-content -->
              </div> <!-- method -->
            </div> <!-- main-panel-content rounded-window-bottom -->
          </div> <!-- suite-99031_TestSuite-class-passed -->
        </div> <!-- panel 99031_TestSuite -->
        <div panel-name="test-xml-99031_TestSuite" class="panel">
          <div class="main-panel-header rounded-window-top">
            <span class="header-content">D:\Selenium_Automation_Framework\Test_Suites\99031_TestSuite.xml</span>
          </div> <!-- main-panel-header rounded-window-top -->
          <div class="main-panel-content rounded-window-bottom">
            <pre>
&lt;?xml version=&quot;1.0&quot; encoding=&quot;UTF-8&quot;?&gt;
&lt;!DOCTYPE suite SYSTEM &quot;https://testng.org/testng-1.0.dtd&quot;&gt;
&lt;suite name=&quot;99031_TestSuite&quot; guice-stage=&quot;DEVELOPMENT&quot;&gt;
  &lt;listeners&gt;
    &lt;listener class-name=&quot;com.rahul.Listeners.TestListener&quot;/&gt;
  &lt;/listeners&gt;
  &lt;test thread-count=&quot;5&quot; name=&quot;TC01&quot;&gt;
    &lt;parameter name=&quot;authorName&quot; value=&quot;Rahul Paswan&quot;/&gt;
    &lt;parameter name=&quot;browserName&quot; value=&quot;edge&quot;/&gt;
    &lt;parameter name=&quot;category&quot; value=&quot;Sanity&quot;/&gt;
    &lt;classes&gt;
      &lt;class name=&quot;com.rahul.testcases.TestSuite_99031.TC01_UserRegistrationTest&quot;/&gt;
    &lt;/classes&gt;
  &lt;/test&gt; &lt;!-- TC01 --&gt;
  &lt;test thread-count=&quot;5&quot; name=&quot;TC02&quot;&gt;
    &lt;parameter name=&quot;authorName&quot; value=&quot;Rahul Paswan&quot;/&gt;
    &lt;parameter name=&quot;browserName&quot; value=&quot;edge&quot;/&gt;
    &lt;parameter name=&quot;category&quot; value=&quot;Smoke&quot;/&gt;
    &lt;classes&gt;
      &lt;class name=&quot;com.rahul.testcases.TestSuite_99031.TC_02_LoginTest&quot;/&gt;
    &lt;/classes&gt;
  &lt;/test&gt; &lt;!-- TC02 --&gt;
  &lt;test thread-count=&quot;5&quot; name=&quot;TC03&quot;&gt;
    &lt;parameter name=&quot;authorName&quot; value=&quot;Rahul Paswan&quot;/&gt;
    &lt;parameter name=&quot;browserName&quot; value=&quot;edge&quot;/&gt;
    &lt;parameter name=&quot;category&quot; value=&quot;Regression&quot;/&gt;
    &lt;classes&gt;
      &lt;class name=&quot;com.rahul.testcases.TestSuite_99031.TC_03_LoginTest&quot;/&gt;
    &lt;/classes&gt;
  &lt;/test&gt; &lt;!-- TC03 --&gt;
&lt;/suite&gt; &lt;!-- 99031_TestSuite --&gt;
            </pre>
          </div> <!-- main-panel-content rounded-window-bottom -->
        </div> <!-- panel -->
        <div panel-name="testlist-99031_TestSuite" class="panel">
          <div class="main-panel-header rounded-window-top">
            <span class="header-content">Tests for 99031_TestSuite</span>
          </div> <!-- main-panel-header rounded-window-top -->
          <div class="main-panel-content rounded-window-bottom">
            <ul>
              <li>
                <span class="test-name">TC01 (1 class)</span>
              </li>
              <li>
                <span class="test-name">TC02 (1 class)</span>
              </li>
              <li>
                <span class="test-name">TC03 (1 class)</span>
              </li>
            </ul>
          </div> <!-- main-panel-content rounded-window-bottom -->
        </div> <!-- panel -->
        <div panel-name="group-99031_TestSuite" class="panel">
          <div class="main-panel-header rounded-window-top">
            <span class="header-content">Groups for 99031_TestSuite</span>
          </div> <!-- main-panel-header rounded-window-top -->
          <div class="main-panel-content rounded-window-bottom">
          </div> <!-- main-panel-content rounded-window-bottom -->
        </div> <!-- panel -->
        <div panel-name="times-99031_TestSuite" class="panel">
          <div class="main-panel-header rounded-window-top">
            <span class="header-content">Times for 99031_TestSuite</span>
          </div> <!-- main-panel-header rounded-window-top -->
          <div class="main-panel-content rounded-window-bottom">
            <div class="times-div">
              <script type="text/javascript">
suiteTableInitFunctions.push('tableData_99031_TestSuite');
function tableData_99031_TestSuite() {
var data = new google.visualization.DataTable();
data.addColumn('number', 'Number');
data.addColumn('string', 'Method');
data.addColumn('string', 'Class');
data.addColumn('number', 'Time (ms)');
data.addRows(5);
data.setCell(0, 0, 0)
data.setCell(0, 1, 'UserRegistrationTestMethod')
data.setCell(0, 2, 'com.rahul.testcases.TestSuite_99031.TC01_UserRegistrationTest')
data.setCell(0, 3, 9255);
data.setCell(1, 0, 1)
data.setCell(1, 1, 'RegistrationTest_Method')
data.setCell(1, 2, 'com.rahul.testcases.TestSuite_99031.TC_02_LoginTest')
data.setCell(1, 3, 9198);
data.setCell(2, 0, 2)
data.setCell(2, 1, 'loginTestMethod_IncorrectUsridPassword')
data.setCell(2, 2, 'com.rahul.testcases.TestSuite_99031.TC_03_LoginTest')
data.setCell(2, 3, 7228);
data.setCell(3, 0, 3)
data.setCell(3, 1, 'loginTestMethod_IncorrectUsridPassword')
data.setCell(3, 2, 'com.rahul.testcases.TestSuite_99031.TC_03_LoginTest')
data.setCell(3, 3, 7206);
data.setCell(4, 0, 4)
data.setCell(4, 1, 'loginTestMethod_CorrectUsridPassword')
data.setCell(4, 2, 'com.rahul.testcases.TestSuite_99031.TC_02_LoginTest')
data.setCell(4, 3, 0);
window.suiteTableData['99031_TestSuite']= { tableData: data, tableDiv: 'times-div-99031_TestSuite'}
return data;
}
              </script>
              <span class="suite-total-time">Total running time: 32 seconds</span>
              <div id="times-div-99031_TestSuite">
              </div> <!-- times-div-99031_TestSuite -->
            </div> <!-- times-div -->
          </div> <!-- main-panel-content rounded-window-bottom -->
        </div> <!-- panel -->
        <div panel-name="reporter-99031_TestSuite" class="panel">
          <div class="main-panel-header rounded-window-top">
            <span class="header-content">Reporter output for 99031_TestSuite</span>
          </div> <!-- main-panel-header rounded-window-top -->
          <div class="main-panel-content rounded-window-bottom">
          </div> <!-- main-panel-content rounded-window-bottom -->
        </div> <!-- panel -->
        <div panel-name="ignored-methods-99031_TestSuite" class="panel">
          <div class="main-panel-header rounded-window-top">
            <span class="header-content">0 ignored methods</span>
          </div> <!-- main-panel-header rounded-window-top -->
          <div class="main-panel-content rounded-window-bottom">
          </div> <!-- main-panel-content rounded-window-bottom -->
        </div> <!-- panel -->
        <div panel-name="chronological-99031_TestSuite" class="panel">
          <div class="main-panel-header rounded-window-top">
            <span class="header-content">Methods in chronological order</span>
          </div> <!-- main-panel-header rounded-window-top -->
          <div class="main-panel-content rounded-window-bottom">
            <div class="chronological-class">
              <div class="chronological-class-name">com.rahul.testcases.TestSuite_99031.TC_03_LoginTest</div> <!-- chronological-class-name -->
              <div class="configuration-suite before">
                <span class="method-name">BeforeSuit</span>
                <span class="method-start">0 ms</span>
              </div> <!-- configuration-suite before -->
            </div> <!-- chronological-class -->
            <div class="chronological-class">
              <div class="chronological-class-name">com.rahul.testcases.TestSuite_99031.TC01_UserRegistrationTest</div> <!-- chronological-class-name -->
              <div class="configuration-method before">
                <span class="method-name">BeforeMethod(edge, public void com.rahul.testcases.TestSuite_99031.TC01_UserRegistrationTest.UserRegistrationTest...)</span>
                <span class="method-start">2404 ms</span>
              </div> <!-- configuration-method before -->
              <div class="test-method">
                <img src="failed.png">
                </img>
                <span class="method-name">UserRegistrationTestMethod({Address=70 Washington Square South, New York, NY 10012, United States, City=Hazaribagh, day=10, Ema...)</span>
                <span class="method-start">10407 ms</span>
              </div> <!-- test-method -->
              <div class="configuration-method after">
                <span class="method-name">AfterMethod(public void com.rahul.testcases.TestSuite_99031.TC01_UserRegistrationTest.UserRegistrationTestMethod...)</span>
                <span class="method-start">19676 ms</span>
              </div> <!-- configuration-method after -->
            </div> <!-- chronological-class -->
            <div class="chronological-class">
              <div class="chronological-class-name">com.rahul.testcases.TestSuite_99031.TC_02_LoginTest</div> <!-- chronological-class-name -->
              <div class="configuration-method before">
                <span class="method-name">BeforeMethod(edge, public void com.rahul.testcases.TestSuite_99031.TC_02_LoginTest.RegistrationTest_Method(java.u...)</span>
                <span class="method-start">21541 ms</span>
              </div> <!-- configuration-method before -->
              <div class="test-method">
                <img src="failed.png">
                </img>
                <span class="method-name">RegistrationTest_Method({Address=70 Washington Square South, New York, NY 10012, United States, City=Hazaribagh, day=10, Ema...)</span>
                <span class="method-start">22935 ms</span>
              </div> <!-- test-method -->
              <div class="configuration-method after">
                <span class="method-name">AfterMethod(public void com.rahul.testcases.TestSuite_99031.TC_02_LoginTest.RegistrationTest_Method(java.util.Ma...)</span>
                <span class="method-start">32137 ms</span>
              </div> <!-- configuration-method after -->
              <div class="test-method">
                <span class="method-name">loginTestMethod_CorrectUsridPassword</span>
                <span class="method-start">35816 ms</span>
              </div> <!-- test-method -->
            </div> <!-- chronological-class -->
            <div class="chronological-class">
              <div class="chronological-class-name">com.rahul.testcases.TestSuite_99031.TC_03_LoginTest</div> <!-- chronological-class-name -->
              <div class="configuration-method before">
                <span class="method-name">BeforeMethod(edge, public void com.rahul.testcases.TestSuite_99031.TC_03_LoginTest.loginTestMethod_IncorrectUsrid...)</span>
                <span class="method-start">35900 ms</span>
              </div> <!-- configuration-method before -->
              <div class="test-method">
                <span class="method-name">loginTestMethod_IncorrectUsridPassword({Email=rahulpk234@gmail.com, Flag=Incorrect, Password=Rahul1998!, UserName=Rahul1003})</span>
                <span class="method-start">37082 ms</span>
              </div> <!-- test-method -->
              <div class="configuration-method after">
                <span class="method-name">AfterMethod(public void com.rahul.testcases.TestSuite_99031.TC_03_LoginTest.loginTestMethod_IncorrectUsridPasswo...)</span>
                <span class="method-start">44313 ms</span>
              </div> <!-- configuration-method after -->
              <div class="configuration-method before">
                <span class="method-name">BeforeMethod(edge, public void com.rahul.testcases.TestSuite_99031.TC_03_LoginTest.loginTestMethod_IncorrectUsrid...)</span>
                <span class="method-start">45640 ms</span>
              </div> <!-- configuration-method before -->
              <div class="test-method">
                <span class="method-name">loginTestMethod_IncorrectUsridPassword({Email=rahulpk235@gmail.com, Flag=Incorrect, Password=Rahul1998@, UserName=Rahul1003})</span>
                <span class="method-start">47016 ms</span>
              </div> <!-- test-method -->
              <div class="configuration-method after">
                <span class="method-name">AfterMethod(public void com.rahul.testcases.TestSuite_99031.TC_03_LoginTest.loginTestMethod_IncorrectUsridPasswo...)</span>
                <span class="method-start">54223 ms</span>
              </div> <!-- configuration-method after -->
              <div class="configuration-suite after">
                <span class="method-name">AfterSuite</span>
                <span class="method-start">55516 ms</span>
              </div> <!-- configuration-suite after -->
          </div> <!-- main-panel-content rounded-window-bottom -->
        </div> <!-- panel -->
      </div> <!-- main-panel-root -->
    </div> <!-- wrapper -->
  </body>
<script type="text/javascript" src="testng-reports2.js"></script>
</html>
