<?xml version="1.0" encoding="UTF-8"?>
<testng-results ignored="0" total="5" passed="2" failed="2" skipped="1">
  <reporter-output>
  </reporter-output>
  <suite started-at="2025-05-17T11:51:21 IST" name="99031_TestSuite" finished-at="2025-05-17T11:52:16 IST" duration-ms="54932">
    <groups>
    </groups>
    <test started-at="2025-05-17T11:51:21 IST" name="TC01" finished-at="2025-05-17T11:51:42 IST" duration-ms="20784">
      <class name="com.rahul.testcases.TestSuite_99031.TC01_UserRegistrationTest">
        <test-method is-config="true" signature="BeforeMethod(java.lang.String,java.lang.reflect.Method,org.testng.ITestContext)[pri:0, instance:com.rahul.testcases.TestSuite_99031.TC01_UserRegistrationTest@3a93b025]" started-at="2025-05-17T11:51:23 IST" name="BeforeMethod" finished-at="2025-05-17T11:51:31 IST" duration-ms="8002" status="PASS">
          <params>
            <param index="0">
              <value>
                <![CDATA[edge]]>
              </value>
            </param>
            <param index="1">
              <value>
                <![CDATA[public void com.rahul.testcases.TestSuite_99031.TC01_UserRegistrationTest.UserRegistrationTestMethod(java.util.Map) throws java.lang.InterruptedException]]>
              </value>
            </param>
            <param index="2">
              <value>
                <![CDATA[org.testng.TestRunner@1b47b7f5]]>
              </value>
            </param>
          </params>
          <reporter-output>
          </reporter-output>
        </test-method> <!-- BeforeMethod -->
        <test-method signature="UserRegistrationTestMethod(java.util.Map)[pri:1, instance:com.rahul.testcases.TestSuite_99031.TC01_UserRegistrationTest@3a93b025]" started-at="2025-05-17T11:51:31 IST" name="UserRegistrationTestMethod" data-provider="SignUpDataProvider" finished-at="2025-05-17T11:51:40 IST" duration-ms="9255" status="FAIL">
          <params>
            <param index="0">
              <value>
                <![CDATA[{Address=70 Washington Square South, New York, NY 10012, United States, City=Hazaribagh, day=10, Email=rahulpk234@gmail.com, FirstName=Rahul, Flag=Yes, LastName=Paswan, MobileNumber=7889564852, month=March, Password=Rahul1998@, Receive special offers from our partners!=yes, Sign up for our newsletter!=yes, State=New York, Title=Mr, UserName=Rahul1003, year=1998, ZipCode=825404}]]>
              </value>
            </param>
          </params>
          <exception class="org.openqa.selenium.NoSuchElementException">
            <message>
              <![CDATA[no such element: Unable to locate element: {"method":"css selector","selector":"input[type='radio'][value='Mr']"}
  (Session info: MicrosoftEdge=136.0.3240.64)
For documentation on this error, please visit: https://www.selenium.dev/documentation/webdriver/troubleshooting/errors#no-such-element-exception
Build info: version: '4.29.0', revision: '5fc1ec94cb'
System info: os.name: 'Windows 10', os.arch: 'amd64', os.version: '10.0', java.version: '21.0.6'
Driver info: org.openqa.selenium.edge.EdgeDriver
Command: [12919d3b5ec9511e58a2c73bd1ae626d, findElement {using=css selector, value=input[type='radio'][value='Mr']}]
Capabilities {acceptInsecureCerts: false, browserName: MicrosoftEdge, browserVersion: 136.0.3240.64, fedcm:accounts: true, ms:edgeOptions: {debuggerAddress: localhost:56895}, msedge: {msedgedriverVersion: 136.0.3240.76 (77e9ec69748f..., userDataDir: C:\Windows\SystemTemp\scope...}, networkConnectionEnabled: false, pageLoadStrategy: normal, platformName: windows, proxy: Proxy(), se:cdp: ws://localhost:56895/devtoo..., se:cdpVersion: 136.0.3240.64, setWindowRect: true, strictFileInteractability: false, timeouts: {implicit: 0, pageLoad: 300000, script: 30000}, unhandledPromptBehavior: dismiss and notify, webauthn:extension:credBlob: true, webauthn:extension:largeBlob: true, webauthn:extension:minPinLength: true, webauthn:extension:prf: true, webauthn:virtualAuthenticators: true}
Session ID: 12919d3b5ec9511e58a2c73bd1ae626d]]>
            </message>
            <full-stacktrace>
              <![CDATA[org.openqa.selenium.NoSuchElementException: no such element: Unable to locate element: {"method":"css selector","selector":"input[type='radio'][value='Mr']"}
  (Session info: MicrosoftEdge=136.0.3240.64)
For documentation on this error, please visit: https://www.selenium.dev/documentation/webdriver/troubleshooting/errors#no-such-element-exception
Build info: version: '4.29.0', revision: '5fc1ec94cb'
System info: os.name: 'Windows 10', os.arch: 'amd64', os.version: '10.0', java.version: '21.0.6'
Driver info: org.openqa.selenium.edge.EdgeDriver
Command: [12919d3b5ec9511e58a2c73bd1ae626d, findElement {using=css selector, value=input[type='radio'][value='Mr']}]
Capabilities {acceptInsecureCerts: false, browserName: MicrosoftEdge, browserVersion: 136.0.3240.64, fedcm:accounts: true, ms:edgeOptions: {debuggerAddress: localhost:56895}, msedge: {msedgedriverVersion: 136.0.3240.76 (77e9ec69748f..., userDataDir: C:\Windows\SystemTemp\scope...}, networkConnectionEnabled: false, pageLoadStrategy: normal, platformName: windows, proxy: Proxy(), se:cdp: ws://localhost:56895/devtoo..., se:cdpVersion: 136.0.3240.64, setWindowRect: true, strictFileInteractability: false, timeouts: {implicit: 0, pageLoad: 300000, script: 30000}, unhandledPromptBehavior: dismiss and notify, webauthn:extension:credBlob: true, webauthn:extension:largeBlob: true, webauthn:extension:minPinLength: true, webauthn:extension:prf: true, webauthn:virtualAuthenticators: true}
Session ID: 12919d3b5ec9511e58a2c73bd1ae626d
at java.base/jdk.internal.reflect.DirectConstructorHandleAccessor.newInstance(DirectConstructorHandleAccessor.java:62)
at java.base/java.lang.reflect.Constructor.newInstanceWithCaller(Constructor.java:502)
at java.base/java.lang.reflect.Constructor.newInstance(Constructor.java:486)
at org.openqa.selenium.remote.ErrorCodec.decode(ErrorCodec.java:167)
at org.openqa.selenium.remote.codec.w3c.W3CHttpResponseCodec.decode(W3CHttpResponseCodec.java:138)
at org.openqa.selenium.remote.codec.w3c.W3CHttpResponseCodec.decode(W3CHttpResponseCodec.java:50)
at org.openqa.selenium.remote.HttpCommandExecutor.execute(HttpCommandExecutor.java:215)
at org.openqa.selenium.remote.service.DriverCommandExecutor.invokeExecute(DriverCommandExecutor.java:216)
at org.openqa.selenium.remote.service.DriverCommandExecutor.execute(DriverCommandExecutor.java:174)
at org.openqa.selenium.remote.RemoteWebDriver.execute(RemoteWebDriver.java:545)
at org.openqa.selenium.remote.ElementLocation$ElementFinder$2.findElement(ElementLocation.java:165)
at org.openqa.selenium.remote.ElementLocation.findElement(ElementLocation.java:59)
at org.openqa.selenium.remote.RemoteWebDriver.findElement(RemoteWebDriver.java:368)
at org.openqa.selenium.remote.RemoteWebDriver.findElement(RemoteWebDriver.java:362)
at org.openqa.selenium.support.pagefactory.DefaultElementLocator.findElement(DefaultElementLocator.java:68)
at org.openqa.selenium.support.pagefactory.internal.LocatingElementHandler.invoke(LocatingElementHandler.java:38)
at jdk.proxy2/jdk.proxy2.$Proxy35.click(Unknown Source)
at com.rahul.actiondriver.Action.click(Action.java:52)
at com.rahul.pageobjects.TestSuite_99031.RegistrationPage.selectTitle(RegistrationPage.java:85)
at com.rahul.testcases.TestSuite_99031.TC01_UserRegistrationTest.UserRegistrationTestMethod(TC01_UserRegistrationTest.java:66)
at java.base/jdk.internal.reflect.DirectMethodHandleAccessor.invoke(DirectMethodHandleAccessor.java:103)
at java.base/java.lang.reflect.Method.invoke(Method.java:580)
at org.testng.internal.invokers.MethodInvocationHelper.invokeMethod(MethodInvocationHelper.java:141)
at org.testng.internal.invokers.TestInvoker.invokeMethod(TestInvoker.java:687)
at org.testng.internal.invokers.TestInvoker.invokeTestMethod(TestInvoker.java:230)
at org.testng.internal.invokers.MethodRunner.runInSequence(MethodRunner.java:63)
at org.testng.internal.invokers.TestInvoker$MethodInvocationAgent.invoke(TestInvoker.java:995)
at org.testng.internal.invokers.TestInvoker.invokeTestMethods(TestInvoker.java:203)
at org.testng.internal.invokers.TestMethodWorker.invokeTestMethods(TestMethodWorker.java:154)
at org.testng.internal.invokers.TestMethodWorker.run(TestMethodWorker.java:134)
at java.base/java.util.ArrayList.forEach(ArrayList.java:1596)
at org.testng.TestRunner.privateRun(TestRunner.java:741)
at org.testng.TestRunner.run(TestRunner.java:616)
at org.testng.SuiteRunner.runTest(SuiteRunner.java:421)
at org.testng.SuiteRunner.runSequentially(SuiteRunner.java:413)
at org.testng.SuiteRunner.privateRun(SuiteRunner.java:373)
at org.testng.SuiteRunner.run(SuiteRunner.java:312)
at org.testng.SuiteRunnerWorker.runSuite(SuiteRunnerWorker.java:52)
at org.testng.SuiteRunnerWorker.run(SuiteRunnerWorker.java:95)
at org.testng.TestNG.runSuitesSequentially(TestNG.java:1274)
at org.testng.TestNG.runSuitesLocally(TestNG.java:1208)
at org.testng.TestNG.runSuites(TestNG.java:1112)
at org.testng.TestNG.run(TestNG.java:1079)
at com.intellij.rt.testng.IDEARemoteTestNG.run(IDEARemoteTestNG.java:65)
at com.intellij.rt.testng.RemoteTestNGStarter.main(RemoteTestNGStarter.java:105)
]]>
            </full-stacktrace>
          </exception> <!-- org.openqa.selenium.NoSuchElementException -->
          <reporter-output>
          </reporter-output>
        </test-method> <!-- UserRegistrationTestMethod -->
        <test-method is-config="true" signature="AfterMethod(java.lang.reflect.Method,org.testng.ITestResult)[pri:0, instance:com.rahul.testcases.TestSuite_99031.TC01_UserRegistrationTest@3a93b025]" started-at="2025-05-17T11:51:40 IST" name="AfterMethod" finished-at="2025-05-17T11:51:42 IST" duration-ms="1676" status="PASS">
          <params>
            <param index="0">
              <value>
                <![CDATA[public void com.rahul.testcases.TestSuite_99031.TC01_UserRegistrationTest.UserRegistrationTestMethod(java.util.Map) throws java.lang.InterruptedException]]>
              </value>
            </param>
            <param index="1">
              <value>
                <![CDATA[[TestResult name=UserRegistrationTestMethod status=FAILURE method=TC01_UserRegistrationTest.UserRegistrationTestMethod(java.util.Map)[pri:1, instance:com.rahul.testcases.TestSuite_99031.TC01_UserRegistrationTest@3a93b025] output={null}]]]>
              </value>
            </param>
          </params>
          <reporter-output>
          </reporter-output>
        </test-method> <!-- AfterMethod -->
      </class> <!-- com.rahul.testcases.TestSuite_99031.TC01_UserRegistrationTest -->
    </test> <!-- TC01 -->
    <test started-at="2025-05-17T11:51:42 IST" name="TC02" finished-at="2025-05-17T11:51:56 IST" duration-ms="14369">
      <class name="com.rahul.testcases.TestSuite_99031.TC_02_LoginTest">
        <test-method is-config="true" signature="BeforeMethod(java.lang.String,java.lang.reflect.Method,org.testng.ITestContext)[pri:0, instance:com.rahul.testcases.TestSuite_99031.TC_02_LoginTest@74235045]" started-at="2025-05-17T11:51:42 IST" name="BeforeMethod" finished-at="2025-05-17T11:51:43 IST" duration-ms="1394" status="PASS">
          <params>
            <param index="0">
              <value>
                <![CDATA[edge]]>
              </value>
            </param>
            <param index="1">
              <value>
                <![CDATA[public void com.rahul.testcases.TestSuite_99031.TC_02_LoginTest.RegistrationTest_Method(java.util.Map) throws java.lang.InterruptedException]]>
              </value>
            </param>
            <param index="2">
              <value>
                <![CDATA[org.testng.TestRunner@506aa618]]>
              </value>
            </param>
          </params>
          <reporter-output>
          </reporter-output>
        </test-method> <!-- BeforeMethod -->
        <test-method signature="RegistrationTest_Method(java.util.Map)[pri:1, instance:com.rahul.testcases.TestSuite_99031.TC_02_LoginTest@74235045]" started-at="2025-05-17T11:51:43 IST" name="RegistrationTest_Method" data-provider="SignUpDataProvider" finished-at="2025-05-17T11:51:52 IST" duration-ms="9198" status="FAIL">
          <params>
            <param index="0">
              <value>
                <![CDATA[{Address=70 Washington Square South, New York, NY 10012, United States, City=Hazaribagh, day=10, Email=rahulpk234@gmail.com, FirstName=Rahul, Flag=Yes, LastName=Paswan, MobileNumber=7889564852, month=March, Password=Rahul1998@, Receive special offers from our partners!=yes, Sign up for our newsletter!=yes, State=New York, Title=Mr, UserName=Rahul1003, year=1998, ZipCode=825404}]]>
              </value>
            </param>
          </params>
          <exception class="org.openqa.selenium.NoSuchElementException">
            <message>
              <![CDATA[no such element: Unable to locate element: {"method":"css selector","selector":"input[type='radio'][value='Mr']"}
  (Session info: MicrosoftEdge=136.0.3240.64)
For documentation on this error, please visit: https://www.selenium.dev/documentation/webdriver/troubleshooting/errors#no-such-element-exception
Build info: version: '4.29.0', revision: '5fc1ec94cb'
System info: os.name: 'Windows 10', os.arch: 'amd64', os.version: '10.0', java.version: '21.0.6'
Driver info: org.openqa.selenium.edge.EdgeDriver
Command: [2c0d3467cbefec2b2eddb06a1c3639ca, findElement {using=css selector, value=input[type='radio'][value='Mr']}]
Capabilities {acceptInsecureCerts: false, browserName: MicrosoftEdge, browserVersion: 136.0.3240.64, fedcm:accounts: true, ms:edgeOptions: {debuggerAddress: localhost:56940}, msedge: {msedgedriverVersion: 136.0.3240.76 (77e9ec69748f..., userDataDir: C:\Windows\SystemTemp\scope...}, networkConnectionEnabled: false, pageLoadStrategy: normal, platformName: windows, proxy: Proxy(), se:cdp: ws://localhost:56940/devtoo..., se:cdpVersion: 136.0.3240.64, setWindowRect: true, strictFileInteractability: false, timeouts: {implicit: 0, pageLoad: 300000, script: 30000}, unhandledPromptBehavior: dismiss and notify, webauthn:extension:credBlob: true, webauthn:extension:largeBlob: true, webauthn:extension:minPinLength: true, webauthn:extension:prf: true, webauthn:virtualAuthenticators: true}
Session ID: 2c0d3467cbefec2b2eddb06a1c3639ca]]>
            </message>
            <full-stacktrace>
              <![CDATA[org.openqa.selenium.NoSuchElementException: no such element: Unable to locate element: {"method":"css selector","selector":"input[type='radio'][value='Mr']"}
  (Session info: MicrosoftEdge=136.0.3240.64)
For documentation on this error, please visit: https://www.selenium.dev/documentation/webdriver/troubleshooting/errors#no-such-element-exception
Build info: version: '4.29.0', revision: '5fc1ec94cb'
System info: os.name: 'Windows 10', os.arch: 'amd64', os.version: '10.0', java.version: '21.0.6'
Driver info: org.openqa.selenium.edge.EdgeDriver
Command: [2c0d3467cbefec2b2eddb06a1c3639ca, findElement {using=css selector, value=input[type='radio'][value='Mr']}]
Capabilities {acceptInsecureCerts: false, browserName: MicrosoftEdge, browserVersion: 136.0.3240.64, fedcm:accounts: true, ms:edgeOptions: {debuggerAddress: localhost:56940}, msedge: {msedgedriverVersion: 136.0.3240.76 (77e9ec69748f..., userDataDir: C:\Windows\SystemTemp\scope...}, networkConnectionEnabled: false, pageLoadStrategy: normal, platformName: windows, proxy: Proxy(), se:cdp: ws://localhost:56940/devtoo..., se:cdpVersion: 136.0.3240.64, setWindowRect: true, strictFileInteractability: false, timeouts: {implicit: 0, pageLoad: 300000, script: 30000}, unhandledPromptBehavior: dismiss and notify, webauthn:extension:credBlob: true, webauthn:extension:largeBlob: true, webauthn:extension:minPinLength: true, webauthn:extension:prf: true, webauthn:virtualAuthenticators: true}
Session ID: 2c0d3467cbefec2b2eddb06a1c3639ca
at java.base/jdk.internal.reflect.DirectConstructorHandleAccessor.newInstance(DirectConstructorHandleAccessor.java:62)
at java.base/java.lang.reflect.Constructor.newInstanceWithCaller(Constructor.java:502)
at java.base/java.lang.reflect.Constructor.newInstance(Constructor.java:486)
at org.openqa.selenium.remote.ErrorCodec.decode(ErrorCodec.java:167)
at org.openqa.selenium.remote.codec.w3c.W3CHttpResponseCodec.decode(W3CHttpResponseCodec.java:138)
at org.openqa.selenium.remote.codec.w3c.W3CHttpResponseCodec.decode(W3CHttpResponseCodec.java:50)
at org.openqa.selenium.remote.HttpCommandExecutor.execute(HttpCommandExecutor.java:215)
at org.openqa.selenium.remote.service.DriverCommandExecutor.invokeExecute(DriverCommandExecutor.java:216)
at org.openqa.selenium.remote.service.DriverCommandExecutor.execute(DriverCommandExecutor.java:174)
at org.openqa.selenium.remote.RemoteWebDriver.execute(RemoteWebDriver.java:545)
at org.openqa.selenium.remote.ElementLocation$ElementFinder$2.findElement(ElementLocation.java:165)
at org.openqa.selenium.remote.ElementLocation.findElement(ElementLocation.java:59)
at org.openqa.selenium.remote.RemoteWebDriver.findElement(RemoteWebDriver.java:368)
at org.openqa.selenium.remote.RemoteWebDriver.findElement(RemoteWebDriver.java:362)
at org.openqa.selenium.support.pagefactory.DefaultElementLocator.findElement(DefaultElementLocator.java:68)
at org.openqa.selenium.support.pagefactory.internal.LocatingElementHandler.invoke(LocatingElementHandler.java:38)
at jdk.proxy2/jdk.proxy2.$Proxy35.click(Unknown Source)
at com.rahul.actiondriver.Action.click(Action.java:52)
at com.rahul.pageobjects.TestSuite_99031.RegistrationPage.selectTitle(RegistrationPage.java:85)
at com.rahul.testcases.TestSuite_99031.TC_02_LoginTest.RegistrationTest_Method(TC_02_LoginTest.java:68)
at java.base/jdk.internal.reflect.DirectMethodHandleAccessor.invoke(DirectMethodHandleAccessor.java:103)
at java.base/java.lang.reflect.Method.invoke(Method.java:580)
at org.testng.internal.invokers.MethodInvocationHelper.invokeMethod(MethodInvocationHelper.java:141)
at org.testng.internal.invokers.TestInvoker.invokeMethod(TestInvoker.java:687)
at org.testng.internal.invokers.TestInvoker.invokeTestMethod(TestInvoker.java:230)
at org.testng.internal.invokers.MethodRunner.runInSequence(MethodRunner.java:63)
at org.testng.internal.invokers.TestInvoker$MethodInvocationAgent.invoke(TestInvoker.java:995)
at org.testng.internal.invokers.TestInvoker.invokeTestMethods(TestInvoker.java:203)
at org.testng.internal.invokers.TestMethodWorker.invokeTestMethods(TestMethodWorker.java:154)
at org.testng.internal.invokers.TestMethodWorker.run(TestMethodWorker.java:134)
at java.base/java.util.ArrayList.forEach(ArrayList.java:1596)
at org.testng.TestRunner.privateRun(TestRunner.java:741)
at org.testng.TestRunner.run(TestRunner.java:616)
at org.testng.SuiteRunner.runTest(SuiteRunner.java:421)
at org.testng.SuiteRunner.runSequentially(SuiteRunner.java:413)
at org.testng.SuiteRunner.privateRun(SuiteRunner.java:373)
at org.testng.SuiteRunner.run(SuiteRunner.java:312)
at org.testng.SuiteRunnerWorker.runSuite(SuiteRunnerWorker.java:52)
at org.testng.SuiteRunnerWorker.run(SuiteRunnerWorker.java:95)
at org.testng.TestNG.runSuitesSequentially(TestNG.java:1274)
at org.testng.TestNG.runSuitesLocally(TestNG.java:1208)
at org.testng.TestNG.runSuites(TestNG.java:1112)
at org.testng.TestNG.run(TestNG.java:1079)
at com.intellij.rt.testng.IDEARemoteTestNG.run(IDEARemoteTestNG.java:65)
at com.intellij.rt.testng.RemoteTestNGStarter.main(RemoteTestNGStarter.java:105)
]]>
            </full-stacktrace>
          </exception> <!-- org.openqa.selenium.NoSuchElementException -->
          <reporter-output>
          </reporter-output>
        </test-method> <!-- RegistrationTest_Method -->
        <test-method is-config="true" signature="AfterMethod(java.lang.reflect.Method,org.testng.ITestResult)[pri:0, instance:com.rahul.testcases.TestSuite_99031.TC_02_LoginTest@74235045]" started-at="2025-05-17T11:51:52 IST" name="AfterMethod" finished-at="2025-05-17T11:51:56 IST" duration-ms="3677" status="PASS">
          <params>
            <param index="0">
              <value>
                <![CDATA[public void com.rahul.testcases.TestSuite_99031.TC_02_LoginTest.RegistrationTest_Method(java.util.Map) throws java.lang.InterruptedException]]>
              </value>
            </param>
            <param index="1">
              <value>
                <![CDATA[[TestResult name=RegistrationTest_Method status=FAILURE method=TC_02_LoginTest.RegistrationTest_Method(java.util.Map)[pri:1, instance:com.rahul.testcases.TestSuite_99031.TC_02_LoginTest@74235045] output={null}]]]>
              </value>
            </param>
          </params>
          <reporter-output>
          </reporter-output>
        </test-method> <!-- AfterMethod -->
        <test-method signature="loginTestMethod_CorrectUsridPassword(java.util.Map)[pri:2, instance:com.rahul.testcases.TestSuite_99031.TC_02_LoginTest@74235045]" started-at="2025-05-17T11:51:56 IST" name="loginTestMethod_CorrectUsridPassword" finished-at="2025-05-17T11:51:56 IST" depends-on-methods="com.rahul.testcases.TestSuite_99031.TC_02_LoginTest.RegistrationTest_Method" duration-ms="0" status="SKIP">
          <exception class="java.lang.Throwable">
            <message>
              <![CDATA[Method com.rahul.testcases.TestSuite_99031.TC_02_LoginTest.loginTestMethod_CorrectUsridPassword() on instance com.rahul.testcases.TestSuite_99031.TC_02_LoginTest@74235045 depends on not successfully finished methods 
[com.rahul.testcases.TestSuite_99031.TC_02_LoginTest.RegistrationTest_Method() on instance com.rahul.testcases.TestSuite_99031.TC_02_LoginTest@74235045]]]>
            </message>
            <full-stacktrace>
              <![CDATA[java.lang.Throwable: Method com.rahul.testcases.TestSuite_99031.TC_02_LoginTest.loginTestMethod_CorrectUsridPassword() on instance com.rahul.testcases.TestSuite_99031.TC_02_LoginTest@74235045 depends on not successfully finished methods 
[com.rahul.testcases.TestSuite_99031.TC_02_LoginTest.RegistrationTest_Method() on instance com.rahul.testcases.TestSuite_99031.TC_02_LoginTest@74235045]
at org.testng.internal.invokers.TestInvoker.invokeTestMethods(TestInvoker.java:159)
at org.testng.internal.invokers.TestMethodWorker.invokeTestMethods(TestMethodWorker.java:154)
at org.testng.internal.invokers.TestMethodWorker.run(TestMethodWorker.java:134)
at java.base/java.util.ArrayList.forEach(ArrayList.java:1596)
at org.testng.TestRunner.privateRun(TestRunner.java:741)
at org.testng.TestRunner.run(TestRunner.java:616)
at org.testng.SuiteRunner.runTest(SuiteRunner.java:421)
at org.testng.SuiteRunner.runSequentially(SuiteRunner.java:413)
at org.testng.SuiteRunner.privateRun(SuiteRunner.java:373)
at org.testng.SuiteRunner.run(SuiteRunner.java:312)
at org.testng.SuiteRunnerWorker.runSuite(SuiteRunnerWorker.java:52)
at org.testng.SuiteRunnerWorker.run(SuiteRunnerWorker.java:95)
at org.testng.TestNG.runSuitesSequentially(TestNG.java:1274)
at org.testng.TestNG.runSuitesLocally(TestNG.java:1208)
at org.testng.TestNG.runSuites(TestNG.java:1112)
at org.testng.TestNG.run(TestNG.java:1079)
at com.intellij.rt.testng.IDEARemoteTestNG.run(IDEARemoteTestNG.java:65)
at com.intellij.rt.testng.RemoteTestNGStarter.main(RemoteTestNGStarter.java:105)
]]>
            </full-stacktrace>
          </exception> <!-- java.lang.Throwable -->
          <reporter-output>
          </reporter-output>
        </test-method> <!-- loginTestMethod_CorrectUsridPassword -->
      </class> <!-- com.rahul.testcases.TestSuite_99031.TC_02_LoginTest -->
    </test> <!-- TC02 -->
    <test started-at="2025-05-17T11:51:56 IST" name="TC03" finished-at="2025-05-17T11:52:16 IST" duration-ms="19672">
      <class name="com.rahul.testcases.TestSuite_99031.TC_03_LoginTest">
        <test-method is-config="true" signature="BeforeSuit()[pri:0, instance:com.rahul.testcases.TestSuite_99031.TC_03_LoginTest@74e52ef6]" started-at="2025-05-17T11:51:20 IST" name="BeforeSuit" finished-at="2025-05-17T11:51:21 IST" duration-ms="571" status="PASS">
          <reporter-output>
          </reporter-output>
        </test-method> <!-- BeforeSuit -->
        <test-method is-config="true" signature="BeforeMethod(java.lang.String,java.lang.reflect.Method,org.testng.ITestContext)[pri:0, instance:com.rahul.testcases.TestSuite_99031.TC_03_LoginTest@74e52ef6]" started-at="2025-05-17T11:51:56 IST" name="BeforeMethod" finished-at="2025-05-17T11:51:57 IST" duration-ms="1182" status="PASS">
          <params>
            <param index="0">
              <value>
                <![CDATA[edge]]>
              </value>
            </param>
            <param index="1">
              <value>
                <![CDATA[public void com.rahul.testcases.TestSuite_99031.TC_03_LoginTest.loginTestMethod_IncorrectUsridPassword(java.util.Map)]]>
              </value>
            </param>
            <param index="2">
              <value>
                <![CDATA[org.testng.TestRunner@4b6b5352]]>
              </value>
            </param>
          </params>
          <reporter-output>
          </reporter-output>
        </test-method> <!-- BeforeMethod -->
        <test-method signature="loginTestMethod_IncorrectUsridPassword(java.util.Map)[pri:1, instance:com.rahul.testcases.TestSuite_99031.TC_03_LoginTest@74e52ef6]" started-at="2025-05-17T11:51:57 IST" name="loginTestMethod_IncorrectUsridPassword" data-provider="InCorrectLoginDataProvider" finished-at="2025-05-17T11:52:05 IST" duration-ms="7228" status="PASS">
          <params>
            <param index="0">
              <value>
                <![CDATA[{Email=rahulpk234@gmail.com, Flag=Incorrect, Password=Rahul1998!, UserName=Rahul1003}]]>
              </value>
            </param>
          </params>
          <reporter-output>
          </reporter-output>
        </test-method> <!-- loginTestMethod_IncorrectUsridPassword -->
        <test-method is-config="true" signature="AfterMethod(java.lang.reflect.Method,org.testng.ITestResult)[pri:0, instance:com.rahul.testcases.TestSuite_99031.TC_03_LoginTest@74e52ef6]" started-at="2025-05-17T11:52:05 IST" name="AfterMethod" finished-at="2025-05-17T11:52:06 IST" duration-ms="1324" status="PASS">
          <params>
            <param index="0">
              <value>
                <![CDATA[public void com.rahul.testcases.TestSuite_99031.TC_03_LoginTest.loginTestMethod_IncorrectUsridPassword(java.util.Map)]]>
              </value>
            </param>
            <param index="1">
              <value>
                <![CDATA[[TestResult name=loginTestMethod_IncorrectUsridPassword status=SUCCESS method=TC_03_LoginTest.loginTestMethod_IncorrectUsridPassword(java.util.Map)[pri:1, instance:com.rahul.testcases.TestSuite_99031.TC_03_LoginTest@74e52ef6] output={null}]]]>
              </value>
            </param>
          </params>
          <reporter-output>
          </reporter-output>
        </test-method> <!-- AfterMethod -->
        <test-method is-config="true" signature="BeforeMethod(java.lang.String,java.lang.reflect.Method,org.testng.ITestContext)[pri:0, instance:com.rahul.testcases.TestSuite_99031.TC_03_LoginTest@74e52ef6]" started-at="2025-05-17T11:52:06 IST" name="BeforeMethod" finished-at="2025-05-17T11:52:07 IST" duration-ms="1376" status="PASS">
          <params>
            <param index="0">
              <value>
                <![CDATA[edge]]>
              </value>
            </param>
            <param index="1">
              <value>
                <![CDATA[public void com.rahul.testcases.TestSuite_99031.TC_03_LoginTest.loginTestMethod_IncorrectUsridPassword(java.util.Map)]]>
              </value>
            </param>
            <param index="2">
              <value>
                <![CDATA[org.testng.TestRunner@4b6b5352]]>
              </value>
            </param>
          </params>
          <reporter-output>
          </reporter-output>
        </test-method> <!-- BeforeMethod -->
        <test-method signature="loginTestMethod_IncorrectUsridPassword(java.util.Map)[pri:1, instance:com.rahul.testcases.TestSuite_99031.TC_03_LoginTest@74e52ef6]" started-at="2025-05-17T11:52:07 IST" name="loginTestMethod_IncorrectUsridPassword" data-provider="InCorrectLoginDataProvider" finished-at="2025-05-17T11:52:14 IST" duration-ms="7206" status="PASS">
          <params>
            <param index="0">
              <value>
                <![CDATA[{Email=rahulpk235@gmail.com, Flag=Incorrect, Password=Rahul1998@, UserName=Rahul1003}]]>
              </value>
            </param>
          </params>
          <reporter-output>
          </reporter-output>
        </test-method> <!-- loginTestMethod_IncorrectUsridPassword -->
        <test-method is-config="true" signature="AfterMethod(java.lang.reflect.Method,org.testng.ITestResult)[pri:0, instance:com.rahul.testcases.TestSuite_99031.TC_03_LoginTest@74e52ef6]" started-at="2025-05-17T11:52:14 IST" name="AfterMethod" finished-at="2025-05-17T11:52:16 IST" duration-ms="1280" status="PASS">
          <params>
            <param index="0">
              <value>
                <![CDATA[public void com.rahul.testcases.TestSuite_99031.TC_03_LoginTest.loginTestMethod_IncorrectUsridPassword(java.util.Map)]]>
              </value>
            </param>
            <param index="1">
              <value>
                <![CDATA[[TestResult name=loginTestMethod_IncorrectUsridPassword status=SUCCESS method=TC_03_LoginTest.loginTestMethod_IncorrectUsridPassword(java.util.Map)[pri:1, instance:com.rahul.testcases.TestSuite_99031.TC_03_LoginTest@74e52ef6] output={null}]]]>
              </value>
            </param>
          </params>
          <reporter-output>
          </reporter-output>
        </test-method> <!-- AfterMethod -->
        <test-method is-config="true" signature="AfterSuite()[pri:0, instance:com.rahul.testcases.TestSuite_99031.TC_03_LoginTest@74e52ef6]" started-at="2025-05-17T11:52:16 IST" name="AfterSuite" finished-at="2025-05-17T11:52:17 IST" duration-ms="1184" status="PASS">
          <reporter-output>
          </reporter-output>
        </test-method> <!-- AfterSuite -->
      </class> <!-- com.rahul.testcases.TestSuite_99031.TC_03_LoginTest -->
    </test> <!-- TC03 -->
  </suite> <!-- 99031_TestSuite -->
</testng-results>
